<?xml version="1.0" encoding="utf-8"?><testsuites><testsuite name="pytest" errors="0" failures="0" skipped="0" tests="3" time="2.834" timestamp="2022-07-13T17:34:05.732571" hostname="PC-202103050929"><testcase classname="test_case.test_integral.TestIntegralMge" name="test_integral_management" time="0.142" /><testcase classname="test_case.test_integral.TestIntegralMge" name="test_projectTree" time="1.769" /><testcase classname="test_case.test_integral.TestIntegralMge" name="test_addIntegral" time="0.038" /></testsuite></testsuites>